0 info it worked if it ends with ok
1 verbose cli [ 'c:\\Program Files\\nodejs\\node.exe',
1 verbose cli   'c:\\Program Files\\nodejs\\node_modules\\npm\\bin\\npm-cli.js',
1 verbose cli   'install',
1 verbose cli   'method_override',
1 verbose cli   '--save' ]
2 info using npm@1.4.28
3 info using node@v0.10.33
4 warn package.json myguest@0.0.1 No repository field.
5 warn package.json myguest@0.0.1 No README data
6 verbose readDependencies using package.json deps
7 verbose cache add [ 'method_override', null ]
8 verbose cache add name=undefined spec="method_override" args=["method_override",null]
9 verbose parsed url { protocol: null,
9 verbose parsed url   slashes: null,
9 verbose parsed url   auth: null,
9 verbose parsed url   host: null,
9 verbose parsed url   port: null,
9 verbose parsed url   hostname: null,
9 verbose parsed url   hash: null,
9 verbose parsed url   search: null,
9 verbose parsed url   query: null,
9 verbose parsed url   pathname: 'method_override',
9 verbose parsed url   path: 'method_override',
9 verbose parsed url   href: 'method_override' }
10 silly lockFile 88ca3e74-method-override method_override
11 verbose lock method_override C:\Users\admin\AppData\Roaming\npm-cache\88ca3e74-method-override.lock
12 silly lockFile 88ca3e74-method-override method_override
13 silly lockFile 88ca3e74-method-override method_override
14 verbose addNamed [ 'method_override', '' ]
15 verbose addNamed [ null, '*' ]
16 silly lockFile 41023a0b-method-override method_override@
17 verbose lock method_override@ C:\Users\admin\AppData\Roaming\npm-cache\41023a0b-method-override.lock
18 silly addNameRange { name: 'method_override', range: '*', hasData: false }
19 verbose request where is /method_override
20 verbose request registry https://registry.npmjs.org/
21 verbose request id f8dd9b2edaa3d5ac
22 verbose url raw /method_override
23 verbose url resolving [ 'https://registry.npmjs.org/', './method_override' ]
24 verbose url resolved https://registry.npmjs.org/method_override
25 verbose request where is https://registry.npmjs.org/method_override
26 info trying registry request attempt 1 at 15:09:44
27 http GET https://registry.npmjs.org/method_override
28 http 404 https://registry.npmjs.org/method_override
29 verbose headers { date: 'Thu, 27 Nov 2014 06:09:47 GMT',
29 verbose headers   server: 'CouchDB/1.5.0 (Erlang OTP/R16B03)',
29 verbose headers   'content-type': 'application/json',
29 verbose headers   'cache-control': 'max-age=0',
29 verbose headers   'content-length': '52',
29 verbose headers   'accept-ranges': 'bytes',
29 verbose headers   via: '1.1 varnish',
29 verbose headers   age: '0',
29 verbose headers   'x-served-by': 'cache-ty68-TYO',
29 verbose headers   'x-cache': 'MISS',
29 verbose headers   'x-cache-hits': '0',
29 verbose headers   'x-timer': 'S1417068587.606622,VS0,VE184',
29 verbose headers   'keep-alive': 'timeout=10, max=50',
29 verbose headers   connection: 'Keep-Alive' }
30 silly registry.get cb [ 404,
30 silly registry.get   { date: 'Thu, 27 Nov 2014 06:09:47 GMT',
30 silly registry.get     server: 'CouchDB/1.5.0 (Erlang OTP/R16B03)',
30 silly registry.get     'content-type': 'application/json',
30 silly registry.get     'cache-control': 'max-age=0',
30 silly registry.get     'content-length': '52',
30 silly registry.get     'accept-ranges': 'bytes',
30 silly registry.get     via: '1.1 varnish',
30 silly registry.get     age: '0',
30 silly registry.get     'x-served-by': 'cache-ty68-TYO',
30 silly registry.get     'x-cache': 'MISS',
30 silly registry.get     'x-cache-hits': '0',
30 silly registry.get     'x-timer': 'S1417068587.606622,VS0,VE184',
30 silly registry.get     'keep-alive': 'timeout=10, max=50',
30 silly registry.get     connection: 'Keep-Alive' } ]
31 silly lockFile 41023a0b-method-override method_override@
32 silly lockFile 41023a0b-method-override method_override@
33 error 404 404 Not Found: method_override
33 error 404
33 error 404 'method_override' is not in the npm registry.
33 error 404 You should bug the author to publish it
33 error 404 It was specified as a dependency of 'myguest'
33 error 404
33 error 404 Note that you can also install from a
33 error 404 tarball, folder, or http url, or git url.
34 error System Windows_NT 6.1.7601
35 error command "c:\\Program Files\\nodejs\\node.exe" "c:\\Program Files\\nodejs\\node_modules\\npm\\bin\\npm-cli.js" "install" "method_override" "--save"
36 error cwd c:\Users\admin\myguest
37 error node -v v0.10.33
38 error npm -v 1.4.28
39 error code E404
40 verbose exit [ 1, true ]
